[debug] [2023-04-07T05:44:04.535Z] ----------------------------------------------------------------------
[debug] [2023-04-07T05:44:04.536Z] Command:       C:\Program Files\nodejs\node.exe C:\Users\usuario\AppData\Roaming\npm\node_modules\firebase-tools\lib\bin\firebase.js init functions
[debug] [2023-04-07T05:44:04.537Z] CLI Version:   11.25.3
[debug] [2023-04-07T05:44:04.537Z] Platform:      win32
[debug] [2023-04-07T05:44:04.537Z] Node Version:  v18.12.1
[debug] [2023-04-07T05:44:04.538Z] Time:          Fri Apr 07 2023 00:44:04 GMT-0500 (hora estándar de Perú)
[debug] [2023-04-07T05:44:04.538Z] ----------------------------------------------------------------------
[debug] 
[debug] [2023-04-07T05:44:04.544Z] > command requires scopes: ["email","openid","https://www.googleapis.com/auth/cloudplatformprojects.readonly","https://www.googleapis.com/auth/firebase","https://www.googleapis.com/auth/cloud-platform"]
[debug] [2023-04-07T05:44:04.545Z] > authorizing via signed-in user (peruvalmundial@gmail.com)
[info] 
     ######## #### ########  ######## ########     ###     ######  ########
     ##        ##  ##     ## ##       ##     ##  ##   ##  ##       ##
     ######    ##  ########  ######   ########  #########  ######  ######
     ##        ##  ##    ##  ##       ##     ## ##     ##       ## ##
     ##       #### ##     ## ######## ########  ##     ##  ######  ########

You're about to initialize a Firebase project in this directory:

  D:\React_projects\clothe-ai\server

[info] 
=== Project Setup
[info] 
[info] First, let's associate this project directory with a Firebase project.
[info] You can create multiple project aliases by running firebase use --add, 
[info] but for now we'll just set up a default project.
[info] 
[debug] [2023-04-07T05:44:17.305Z] >>> [apiv2][query] GET https://firebase.googleapis.com/v1beta1/projects pageSize=100
[debug] [2023-04-07T05:44:18.043Z] <<< [apiv2][status] GET https://firebase.googleapis.com/v1beta1/projects 200
[debug] [2023-04-07T05:44:18.043Z] <<< [apiv2][body] GET https://firebase.googleapis.com/v1beta1/projects [omitted]
[info] i  Using project protoyasus (Protoyasus) 
[info] 
=== Functions Setup
[debug] [2023-04-07T05:44:19.483Z] > command requires scopes: ["email","openid","https://www.googleapis.com/auth/cloudplatformprojects.readonly","https://www.googleapis.com/auth/firebase","https://www.googleapis.com/auth/cloud-platform"]
[debug] [2023-04-07T05:44:19.483Z] > authorizing via signed-in user (peruvalmundial@gmail.com)
[debug] [2023-04-07T05:44:19.484Z] [iam] checking project protoyasus for permissions ["firebase.projects.get"]
[debug] [2023-04-07T05:44:19.484Z] >>> [apiv2][query] POST https://cloudresourcemanager.googleapis.com/v1/projects/protoyasus:testIamPermissions [none]
[debug] [2023-04-07T05:44:19.484Z] >>> [apiv2][(partial)header] POST https://cloudresourcemanager.googleapis.com/v1/projects/protoyasus:testIamPermissions x-goog-quota-user=projects/protoyasus
[debug] [2023-04-07T05:44:19.484Z] >>> [apiv2][body] POST https://cloudresourcemanager.googleapis.com/v1/projects/protoyasus:testIamPermissions {"permissions":["firebase.projects.get"]}
[debug] [2023-04-07T05:44:20.418Z] <<< [apiv2][status] POST https://cloudresourcemanager.googleapis.com/v1/projects/protoyasus:testIamPermissions 200
[debug] [2023-04-07T05:44:20.418Z] <<< [apiv2][body] POST https://cloudresourcemanager.googleapis.com/v1/projects/protoyasus:testIamPermissions {"permissions":["firebase.projects.get"]}
[debug] [2023-04-07T05:44:20.419Z] >>> [apiv2][query] GET https://serviceusage.googleapis.com/v1/projects/protoyasus/services/cloudfunctions.googleapis.com [none]
[debug] [2023-04-07T05:44:20.419Z] >>> [apiv2][(partial)header] GET https://serviceusage.googleapis.com/v1/projects/protoyasus/services/cloudfunctions.googleapis.com x-goog-quota-user=projects/protoyasus
[debug] [2023-04-07T05:44:20.420Z] >>> [apiv2][query] GET https://serviceusage.googleapis.com/v1/projects/protoyasus/services/runtimeconfig.googleapis.com [none]
[debug] [2023-04-07T05:44:20.420Z] >>> [apiv2][(partial)header] GET https://serviceusage.googleapis.com/v1/projects/protoyasus/services/runtimeconfig.googleapis.com x-goog-quota-user=projects/protoyasus
[debug] [2023-04-07T05:44:21.448Z] <<< [apiv2][status] GET https://serviceusage.googleapis.com/v1/projects/protoyasus/services/cloudfunctions.googleapis.com 200
[debug] [2023-04-07T05:44:21.449Z] <<< [apiv2][body] GET https://serviceusage.googleapis.com/v1/projects/protoyasus/services/cloudfunctions.googleapis.com [omitted]
[debug] [2023-04-07T05:44:21.497Z] <<< [apiv2][status] GET https://serviceusage.googleapis.com/v1/projects/protoyasus/services/runtimeconfig.googleapis.com 200
[debug] [2023-04-07T05:44:21.497Z] <<< [apiv2][body] GET https://serviceusage.googleapis.com/v1/projects/protoyasus/services/runtimeconfig.googleapis.com [omitted]
[info] Let's create a new codebase for your functions.
[info] A directory corresponding to the codebase will be created in your project
[info] with sample code pre-configured.

[info] See https://firebase.google.com/docs/functions/organize-functions for
[info] more information on organizing your functions using codebases.

[info] Functions can be deployed with firebase deploy.

[info] +  Wrote functions/package.json 
[info] +  Wrote functions/index.js 
[info] +  Wrote functions/.gitignore 
[debug] [2023-04-07T05:52:32.207Z] ----------------------------------------------------------------------
[debug] [2023-04-07T05:52:32.208Z] Command:       C:\Program Files\nodejs\node.exe C:\Users\usuario\AppData\Roaming\npm\node_modules\firebase-tools\lib\bin\firebase.js init
[debug] [2023-04-07T05:52:32.208Z] CLI Version:   11.25.3
[debug] [2023-04-07T05:52:32.208Z] Platform:      win32
[debug] [2023-04-07T05:52:32.209Z] Node Version:  v18.12.1
[debug] [2023-04-07T05:52:32.209Z] Time:          Fri Apr 07 2023 00:52:32 GMT-0500 (hora estándar de Perú)
[debug] [2023-04-07T05:52:32.210Z] ----------------------------------------------------------------------
[debug] 
[debug] [2023-04-07T05:52:32.216Z] > command requires scopes: ["email","openid","https://www.googleapis.com/auth/cloudplatformprojects.readonly","https://www.googleapis.com/auth/firebase","https://www.googleapis.com/auth/cloud-platform"]
[debug] [2023-04-07T05:52:32.216Z] > authorizing via signed-in user (peruvalmundial@gmail.com)
[info] 
     ######## #### ########  ######## ########     ###     ######  ########
     ##        ##  ##     ## ##       ##     ##  ##   ##  ##       ##
     ######    ##  ########  ######   ########  #########  ######  ######
     ##        ##  ##    ##  ##       ##     ## ##     ##       ## ##
     ##       #### ##     ## ######## ########  ##     ##  ######  ########

You're about to initialize a Firebase project in this directory:

  D:\React_projects\clothe-ai\server

